2024-10-22 17:32:38,482 - ERROR - Unsupported source type: mysql
2024-10-22 18:14:52,423 - ERROR - Failed to connect to the mysql database.
2024-10-22 18:24:19,411 - ERROR - Failed to connect to the mysql database.
2024-10-22 18:27:19,543 - ERROR - Failed to connect to the mysql database.
2024-10-23 13:03:12,510 - INFO - Connection to conn id: bharwer_1727339262065-1729659952682, mysql database successful.
2024-10-23 13:07:48,697 - INFO - Connection to conn id: bharwer_1727339262065-1729659952682, mysql database successful.
2024-10-23 13:07:54,104 - INFO - Tables in the database:
2024-10-23 14:29:31,306 - INFO - Connection to conn id: bharwer_1727339262065-1729659952682, mysql database successful.
2024-10-23 14:29:37,217 - INFO - Tables fetched from the database
2024-10-23 14:39:15,393 - INFO - Connection to conn id: bharwer_1727339262065-1729659952682, mysql database successful.
2024-10-23 14:39:22,137 - INFO - Tables fetched from the database
2024-10-23 14:53:22,366 - INFO - Connection to conn id: bharwer_1727339262065-1729659952682, mysql database successful.
2024-10-23 14:56:43,955 - INFO - Connection to conn id: bharwer_1727339262065-1729659952682, mysql database successful.
2024-10-23 14:56:50,632 - INFO - Tables fetched from the database: ['Supplier', 'Category', 'OrderDetail', 'EmployeeTerritory', 'Employee', 'Product', 'Customer', 'Region', 'CustCustDemographics', 'SalesOrder', 'CustomerDemographics', 'Shipper', 'Territory']
2024-10-23 15:31:49,857 - INFO - Connection to conn id: bharwer_1727339262065-1729659952682, mysql database successful.
2024-10-23 15:31:55,559 - INFO - Tables fetched from the database: ['Supplier', 'Category', 'OrderDetail', 'EmployeeTerritory', 'Employee', 'Product', 'Customer', 'Region', 'CustCustDemographics', 'SalesOrder', 'CustomerDemographics', 'Shipper', 'Territory']
2024-10-23 15:32:33,199 - INFO - Connection to conn id: bharwer_1727339262065-1729659952682, mysql database successful.
2024-10-23 15:32:39,035 - INFO - Tables fetched from the database: ['Supplier', 'Category', 'OrderDetail', 'EmployeeTerritory', 'Employee', 'Product', 'Customer', 'Region', 'CustCustDemographics', 'SalesOrder', 'CustomerDemographics', 'Shipper', 'Territory']
2024-10-23 15:34:51,133 - INFO - Connection to conn id: bharwer_1727339262065-1729659952682, mysql database successful.
2024-10-23 15:34:56,964 - INFO - Tables fetched from the database: ['Supplier', 'Category', 'OrderDetail', 'EmployeeTerritory', 'Employee', 'Product', 'Customer', 'Region', 'CustCustDemographics', 'SalesOrder', 'CustomerDemographics', 'Shipper', 'Territory']
2024-10-23 15:35:56,149 - INFO - Connection to conn id: bharwer_1727339262065-1729659952682, mysql database successful.
2024-10-23 15:36:02,177 - INFO - Tables fetched from the database: ['Supplier', 'Category', 'OrderDetail', 'EmployeeTerritory', 'Employee', 'Product', 'Customer', 'Region', 'CustCustDemographics', 'SalesOrder', 'CustomerDemographics', 'Shipper', 'Territory']
2024-10-23 15:40:45,229 - INFO - Connection to conn id: bharwer_1727339262065-1729659952682, mysql database successful.
2024-10-23 15:40:50,956 - INFO - Tables fetched from the database: ['Supplier', 'Category', 'OrderDetail', 'EmployeeTerritory', 'Employee', 'Product', 'Customer', 'Region', 'CustCustDemographics', 'SalesOrder', 'CustomerDemographics', 'Shipper', 'Territory']
2024-10-23 15:47:28,123 - INFO - Connection to conn id: bharwer_1727339262065-1729659952682, mysql database successful.
2024-10-23 15:47:40,167 - INFO - Tables fetched from the database: ['Supplier', 'Category', 'OrderDetail', 'EmployeeTerritory', 'Employee', 'Product', 'Customer', 'Region', 'CustCustDemographics', 'SalesOrder', 'CustomerDemographics', 'Shipper', 'Territory']
2024-10-23 16:06:35,831 - INFO - Connection to conn id: bharwer_1727339262065-1729659952682, mysql database successful.
2024-10-23 16:06:41,507 - INFO - Tables fetched from the database: ['Supplier', 'Category', 'OrderDetail', 'EmployeeTerritory', 'Employee', 'Product', 'Customer', 'Region', 'CustCustDemographics', 'SalesOrder', 'CustomerDemographics', 'Shipper', 'Territory']
2024-10-23 16:08:57,611 - INFO - Connection to conn id: bharwer_1727339262065-1729659952682, mysql database successful.
2024-10-23 16:09:03,563 - INFO - Tables fetched from the database: ['Supplier', 'Category', 'OrderDetail', 'EmployeeTerritory', 'Employee', 'Product', 'Customer', 'Region', 'CustCustDemographics', 'SalesOrder', 'CustomerDemographics', 'Shipper', 'Territory']
2024-10-23 16:10:18,588 - INFO - Connection to conn id: bharwer_1727339262065-1729659952682, mysql database successful.
2024-10-23 16:10:24,325 - INFO - Tables fetched from the database: ['Supplier', 'Category', 'OrderDetail', 'EmployeeTerritory', 'Employee', 'Product', 'Customer', 'Region', 'CustCustDemographics', 'SalesOrder', 'CustomerDemographics', 'Shipper', 'Territory']
2024-10-23 16:13:13,784 - INFO - Connection to conn id: bharwer_1727339262065-1729659952682, mysql database successful.
2024-10-23 16:13:19,592 - INFO - Tables fetched from the database: ['Supplier', 'Category', 'OrderDetail', 'EmployeeTerritory', 'Employee', 'Product', 'Customer', 'Region', 'CustCustDemographics', 'SalesOrder', 'CustomerDemographics', 'Shipper', 'Territory']
2024-10-23 16:13:20,809 - WARNING - Connection Id: bharwer_1727339262065-1729659952682,
2024-10-23 16:37:59,403 - INFO - Connection to conn id: bharwer_1727339262065-1729659952682, mysql database successful.
2024-10-23 16:38:05,270 - INFO - Tables fetched from the database: ['Supplier', 'Category', 'OrderDetail', 'EmployeeTerritory', 'Employee', 'Product', 'Customer', 'Region', 'CustCustDemographics', 'SalesOrder', 'CustomerDemographics', 'Shipper', 'Territory']
2024-10-23 16:39:03,191 - INFO - Connection to conn id: bharwer_1727339262065-1729659952682, mysql database successful.
2024-10-23 16:39:08,829 - INFO - Tables fetched from the database: ['Supplier', 'Category', 'OrderDetail', 'EmployeeTerritory', 'Employee', 'Product', 'Customer', 'Region', 'CustCustDemographics', 'SalesOrder', 'CustomerDemographics', 'Shipper', 'Territory']
2024-10-23 17:28:25,305 - INFO - Connection to conn id: bharwer_1727339262065-1729659952682, mysql database successful.
2024-10-23 17:28:38,751 - INFO - Tables fetched from the database: ['Supplier', 'Category', 'OrderDetail', 'EmployeeTerritory', 'Employee', 'Product', 'Customer', 'Region', 'CustCustDemographics', 'SalesOrder', 'CustomerDemographics', 'Shipper', 'Territory']
2024-10-23 17:28:42,892 - INFO - Redshift connection successful
2024-10-23 17:33:33,160 - INFO - Connection to conn id: bharwer_1727339262065-1729659952682, mysql database successful.
2024-10-23 17:33:44,062 - INFO - Tables fetched from the database: ['Supplier', 'Category', 'OrderDetail', 'EmployeeTerritory', 'Employee', 'Product', 'Customer', 'Region', 'CustCustDemographics', 'SalesOrder', 'CustomerDemographics', 'Shipper', 'Territory']
2024-10-23 17:33:48,467 - INFO - Redshift connection successful
2024-10-23 17:36:47,580 - INFO - Connection to conn id: bharwer_1727339262065-1729659952682, mysql database successful.
2024-10-23 17:36:58,409 - INFO - Tables fetched from the database: ['Supplier', 'Category', 'OrderDetail', 'EmployeeTerritory', 'Employee', 'Product', 'Customer', 'Region', 'CustCustDemographics', 'SalesOrder', 'CustomerDemographics', 'Shipper', 'Territory']
2024-10-23 17:37:02,100 - INFO - Redshift connection successful
2024-10-23 17:38:29,559 - ERROR - Data not Inserted: Supplier 
2024-10-23 17:39:41,377 - INFO - Connection to conn id: bharwer_1727339262065-1729659952682, mysql database successful.
2024-10-23 17:39:56,411 - INFO - Tables fetched from the database: ['Supplier', 'Category', 'OrderDetail', 'EmployeeTerritory', 'Employee', 'Product', 'Customer', 'Region', 'CustCustDemographics', 'SalesOrder', 'CustomerDemographics', 'Shipper', 'Territory']
2024-10-23 17:40:01,164 - INFO - Redshift connection successful
2024-10-24 15:59:33,469 - INFO - Connection to conn id: bharwer_1727339262065-1729659952682, mysql database successful.
2024-10-24 15:59:41,433 - INFO - Tables fetched from the database: ['Supplier', 'Category', 'OrderDetail', 'EmployeeTerritory', 'Employee', 'Product', 'Customer', 'Region', 'CustCustDemographics', 'SalesOrder', 'CustomerDemographics', 'Shipper', 'Territory']
2024-10-24 15:59:51,721 - ERROR - Redshift connection unsuccessful
